<?xml version="1.0" encoding="UTF-8"?>
<testsuites name="jest tests" tests="7" failures="0" errors="0" time="0.795">
  <testsuite name="Count user" errors="0" failures="0" skipped="0" timestamp="2026-03-17T03:54:27" time="0.701" tests="7">
    <testcase classname="Count user default user count" name="Count user default user count" time="0.005">
    </testcase>
    <testcase classname="Count user clear user and Count" name="Count user clear user and Count" time="0.001">
    </testcase>
    <testcase classname="remove user Remove one" name="remove user Remove one" time="0">
    </testcase>
    <testcase classname="User class methods should get name and email correctly" name="User class methods should get name and email correctly" time="0.001">
    </testcase>
    <testcase classname="User class methods should set new name and email correctly" name="User class methods should set new name and email correctly" time="0">
    </testcase>
    <testcase classname=" Remove two users from default data" name=" Remove two users from default data" time="0.001">
    </testcase>
    <testcase classname=" Remove two users when only one exists" name=" Remove two users when only one exists" time="0">
    </testcase>
  </testsuite>
</testsuites>